[0.122s] Invoking command in '/home/michael/ros2_ws/build/data': CMAKE_PREFIX_PATH=${CMAKE_PREFIX_PATH}:/opt/ros/humble /usr/bin/cmake --build /home/michael/ros2_ws/build/data -- -j4 -l4
[0.163s] [35m[1mConsolidate compiler generated dependencies of target talker[0m
[0.186s] [ 50%] [32mBuilding CXX object CMakeFiles/talker.dir/src/data_sub.cpp.o[0m
[2.332s] [01m[K/home/michael/ros2_ws/src/data/src/data_sub.cpp:18:46:[m[K [01;31m[Kerror: [m[Kâ€˜[01m[Kfloat32[m[Kâ€™ in namespace â€˜[01m[Kstd_msgs::msg[m[Kâ€™ does not name a type; did you mean â€˜[01m[KFloat32[m[Kâ€™?
[2.332s]    18 |     void topic_callback(const std_msgs::msg::[01;31m[Kfloat32[m[K & msg) const
[2.332s]       |                                              [01;31m[K^~~~~~~[m[K
[2.332s]       |                                              [32m[KFloat32[m[K
[2.332s] [01m[K/home/michael/ros2_ws/src/data/src/data_sub.cpp:22:41:[m[K [01;31m[Kerror: [m[Kâ€˜[01m[Kfloat32[m[Kâ€™ is not a member of â€˜[01m[Kstd_msgs::msg[m[Kâ€™; did you mean â€˜[01m[KFloat32[m[Kâ€™?
[2.332s]    22 |     rclcpp::Subscription<std_msgs::msg::[01;31m[Kfloat32[m[K>::SharedPtr subscription_;
[2.332s]       |                                         [01;31m[K^~~~~~~[m[K
[2.332s]       |                                         [32m[KFloat32[m[K
[2.332s] [01m[K/home/michael/ros2_ws/src/data/src/data_sub.cpp:22:48:[m[K [01;31m[Kerror: [m[Ktemplate argument 1 is invalid
[2.332s]    22 |     rclcpp::Subscription<std_msgs::msg::float32[01;31m[K>[m[K::SharedPtr subscription_;
[2.332s]       |                                                [01;31m[K^[m[K
[2.332s] [01m[K/home/michael/ros2_ws/src/data/src/data_sub.cpp:22:48:[m[K [01;31m[Kerror: [m[Ktemplate argument 3 is invalid
[2.333s] [01m[K/home/michael/ros2_ws/src/data/src/data_sub.cpp:22:48:[m[K [01;31m[Kerror: [m[Ktemplate argument 4 is invalid
[2.333s] [01m[K/home/michael/ros2_ws/src/data/src/data_sub.cpp:22:48:[m[K [01;31m[Kerror: [m[Ktemplate argument 5 is invalid
[2.333s] [01m[K/home/michael/ros2_ws/src/data/src/data_sub.cpp:22:51:[m[K [01;31m[Kerror: [m[Kexpected â€˜[01m[K;[m[Kâ€™ at end of member declaration
[2.333s]    22 |     rclcpp::Subscription<std_msgs::msg::float32>::[01;31m[KSharedPtr[m[K subscription_;
[2.333s]       |                                                   [01;31m[K^~~~~~~~~[m[K
[2.333s]       |                                                            [32m[K;[m[K
[2.336s] [01m[K/home/michael/ros2_ws/src/data/src/data_sub.cpp:22:61:[m[K [01;31m[Kerror: [m[Kâ€˜[01m[Ksubscription_[m[Kâ€™ does not name a type; did you mean â€˜[01m[Krmw_subscription_t[m[Kâ€™?
[2.336s]    22 |     rclcpp::Subscription<std_msgs::msg::float32>::SharedPtr [01;31m[Ksubscription_[m[K;
[2.336s]       |                                                             [01;31m[K^~~~~~~~~~~~~[m[K
[2.336s]       |                                                             [32m[Krmw_subscription_t[m[K
[2.341s] [01m[K/home/michael/ros2_ws/src/data/src/data_sub.cpp:[m[K In constructor â€˜[01m[KMinimalSubscriber::MinimalSubscriber()[m[Kâ€™:
[2.341s] [01m[K/home/michael/ros2_ws/src/data/src/data_sub.cpp:13:7:[m[K [01;31m[Kerror: [m[Kâ€˜[01m[Ksubscription_[m[Kâ€™ was not declared in this scope; did you mean â€˜[01m[Krmw_subscription_t[m[Kâ€™?
[2.341s]    13 |       [01;31m[Ksubscription_[m[K = this->create_subscription<std_msgs::msg::float32>(
[2.341s]       |       [01;31m[K^~~~~~~~~~~~~[m[K
[2.341s]       |       [32m[Krmw_subscription_t[m[K
[2.341s] [01m[K/home/michael/ros2_ws/src/data/src/data_sub.cpp:13:64:[m[K [01;31m[Kerror: [m[Kâ€˜[01m[Kfloat32[m[Kâ€™ is not a member of â€˜[01m[Kstd_msgs::msg[m[Kâ€™; did you mean â€˜[01m[KFloat32[m[Kâ€™?
[2.341s]    13 |       subscription_ = this->create_subscription<std_msgs::msg::[01;31m[Kfloat32[m[K>(
[2.341s]       |                                                                [01;31m[K^~~~~~~[m[K
[2.342s]       |                                                                [32m[KFloat32[m[K
[2.346s] [01m[K/home/michael/ros2_ws/src/data/src/data_sub.cpp:13:72:[m[K [01;31m[Kerror: [m[Kno matching function for call to â€˜[01m[KMinimalSubscriber::create_subscription<<expression error> >(const char [17], int, std::_Bind_helper<false, void (MinimalSubscriber::*)(const int&) const, MinimalSubscriber*, const std::_Placeholder<1>&>::type)[m[Kâ€™
[2.346s]    13 |       subscription_ = [01;31m[Kthis->create_subscription<std_msgs::msg::float32>([m[K
[2.346s]       |                       [01;31m[K~~~~~~~~~~~~~~~~~~~~~~~~~~~~~~~~~~~~~~~~~~~~~~~~~^[m[K
[2.346s]    14 | [01;31m[K      "/raw_sensor_data", 10, std::bind(&MinimalSubscriber::topic_callback, this, _1))[m[K;
[2.346s]       |       [01;31m[K~~~~~~~~~~~~~~~~~~~~~~~~~~~~~~~~~~~~~~~~~~~~~~~~~~~~~~~~~~~~~~~~~~~~~~~~~~~~~~~~[m[K
[2.346s] In file included from [01m[K/opt/ros/humble/include/rclcpp/rclcpp/executors/single_threaded_executor.hpp:28[m[K,
[2.347s]                  from [01m[K/opt/ros/humble/include/rclcpp/rclcpp/executors.hpp:22[m[K,
[2.347s]                  from [01m[K/opt/ros/humble/include/rclcpp/rclcpp/rclcpp.hpp:155[m[K,
[2.347s]                  from [01m[K/home/michael/ros2_ws/src/data/src/data_sub.cpp:3[m[K:
[2.347s] [01m[K/opt/ros/humble/include/rclcpp/rclcpp/node.hpp:219:3:[m[K [01;36m[Knote: [m[Kcandidate: â€˜[01m[Ktemplate<class MessageT, class CallbackT, class AllocatorT, class SubscriptionT, class MessageMemoryStrategyT> std::shared_ptr<ROSMessageT> rclcpp::Node::create_subscription(const string&, const rclcpp::QoS&, CallbackT&&, const rclcpp::SubscriptionOptionsWithAllocator<AllocatorT>&, typename MessageMemoryStrategyT::SharedPtr)[m[Kâ€™
[2.347s]   219 |   [01;36m[Kcreate_subscription[m[K(
[2.347s]       |   [01;36m[K^~~~~~~~~~~~~~~~~~~[m[K
[2.347s] [01m[K/opt/ros/humble/include/rclcpp/rclcpp/node.hpp:219:3:[m[K [01;36m[Knote: [m[K  template argument deduction/substitution failed:
[2.347s] [01m[K/home/michael/ros2_ws/src/data/src/data_sub.cpp:13:72:[m[K [01;31m[Kerror: [m[Ktemplate argument 1 is invalid
[2.347s]    13 |       subscription_ = [01;31m[Kthis->create_subscription<std_msgs::msg::float32>([m[K
[2.347s]       |                       [01;31m[K~~~~~~~~~~~~~~~~~~~~~~~~~~~~~~~~~~~~~~~~~~~~~~~~~^[m[K
[2.347s]    14 | [01;31m[K      "/raw_sensor_data", 10, std::bind(&MinimalSubscriber::topic_callback, this, _1))[m[K;
[2.347s]       |       [01;31m[K~~~~~~~~~~~~~~~~~~~~~~~~~~~~~~~~~~~~~~~~~~~~~~~~~~~~~~~~~~~~~~~~~~~~~~~~~~~~~~~~[m[K
[2.348s] In file included from [01m[K/opt/ros/humble/include/rclcpp/rclcpp/logging.hpp:24[m[K,
[2.348s]                  from [01m[K/opt/ros/humble/include/rclcpp/rclcpp/client.hpp:40[m[K,
[2.348s]                  from [01m[K/opt/ros/humble/include/rclcpp/rclcpp/callback_group.hpp:24[m[K,
[2.348s]                  from [01m[K/opt/ros/humble/include/rclcpp/rclcpp/any_executable.hpp:20[m[K,
[2.348s]                  from [01m[K/opt/ros/humble/include/rclcpp/rclcpp/memory_strategy.hpp:25[m[K,
[2.348s]                  from [01m[K/opt/ros/humble/include/rclcpp/rclcpp/memory_strategies.hpp:18[m[K,
[2.348s]                  from [01m[K/opt/ros/humble/include/rclcpp/rclcpp/executor_options.hpp:20[m[K,
[2.348s]                  from [01m[K/opt/ros/humble/include/rclcpp/rclcpp/executor.hpp:37[m[K,
[2.348s]                  from [01m[K/opt/ros/humble/include/rclcpp/rclcpp/executors/multi_threaded_executor.hpp:25[m[K,
[2.348s]                  from [01m[K/opt/ros/humble/include/rclcpp/rclcpp/executors.hpp:21[m[K,
[2.348s]                  from [01m[K/opt/ros/humble/include/rclcpp/rclcpp/rclcpp.hpp:155[m[K,
[2.348s]                  from [01m[K/home/michael/ros2_ws/src/data/src/data_sub.cpp:3[m[K:
[2.349s] [01m[K/home/michael/ros2_ws/src/data/src/data_sub.cpp:[m[K In member function â€˜[01m[Kvoid MinimalSubscriber::topic_callback(const int&) const[m[Kâ€™:
[2.349s] [01m[K/home/michael/ros2_ws/src/data/src/data_sub.cpp:20:60:[m[K [01;31m[Kerror: [m[Krequest for member â€˜[01m[Kdata[m[Kâ€™ in â€˜[01m[Kmsg[m[Kâ€™, which is of non-class type â€˜[01m[Kconst int[m[Kâ€™
[2.349s]    20 |       RCLCPP_INFO(this->get_logger(), "I heard: '%f'", msg.[01;31m[Kdata[m[K.c_str());
[2.349s]       |                                                            [01;31m[K^~~~[m[K
[2.807s] gmake[2]: *** [CMakeFiles/talker.dir/build.make:76: CMakeFiles/talker.dir/src/data_sub.cpp.o] Error 1
[2.808s] gmake[1]: *** [CMakeFiles/Makefile2:137: CMakeFiles/talker.dir/all] Error 2
[2.808s] gmake: *** [Makefile:146: all] Error 2
[2.809s] Invoked command in '/home/michael/ros2_ws/build/data' returned '2': CMAKE_PREFIX_PATH=${CMAKE_PREFIX_PATH}:/opt/ros/humble /usr/bin/cmake --build /home/michael/ros2_ws/build/data -- -j4 -l4
