[0.125s] Invoking command in '/home/michael/ros2_ws/build/data': CMAKE_PREFIX_PATH=${CMAKE_PREFIX_PATH}:/opt/ros/humble /usr/bin/cmake --build /home/michael/ros2_ws/build/data -- -j4 -l4
[0.172s] [35m[1mConsolidate compiler generated dependencies of target talker[0m
[0.191s] [ 50%] [32mBuilding CXX object CMakeFiles/talker.dir/src/data_sub.cpp.o[0m
[2.399s] [01m[K/home/michael/ros2_ws/src/data/src/data_sub.cpp:18:61:[m[K [01;31m[Kerror: [m[Kexpected â€˜[01m[K;[m[Kâ€™ at end of member declaration
[2.399s]    18 |     void topic_callback(const std_msgs::msg::Float32 & msg) [01;31m[Kconst[m[K
[2.399s]       |                                                             [01;31m[K^~~~~[m[K
[2.399s]       |                                                                  [32m[K;[m[K
[2.406s] [01m[K/home/michael/ros2_ws/src/data/src/data_sub.cpp:[m[K In constructor â€˜[01m[KMinimalSubscriber::MinimalSubscriber()[m[Kâ€™:
[2.406s] [01m[K/home/michael/ros2_ws/src/data/src/data_sub.cpp:13:7:[m[K [01;31m[Kerror: [m[Kâ€˜[01m[Ksubscription_[m[Kâ€™ was not declared in this scope; did you mean â€˜[01m[Krmw_subscription_t[m[Kâ€™?
[2.406s]    13 |       [01;31m[Ksubscription_[m[K = this->create_subscription<std_msgs::msg::Float32>(
[2.406s]       |       [01;31m[K^~~~~~~~~~~~~[m[K
[2.406s]       |       [32m[Krmw_subscription_t[m[K
[4.555s] gmake[2]: *** [CMakeFiles/talker.dir/build.make:76: CMakeFiles/talker.dir/src/data_sub.cpp.o] Error 1
[4.555s] gmake[1]: *** [CMakeFiles/Makefile2:137: CMakeFiles/talker.dir/all] Error 2
[4.556s] gmake: *** [Makefile:146: all] Error 2
[4.558s] Invoked command in '/home/michael/ros2_ws/build/data' returned '2': CMAKE_PREFIX_PATH=${CMAKE_PREFIX_PATH}:/opt/ros/humble /usr/bin/cmake --build /home/michael/ros2_ws/build/data -- -j4 -l4
