[0.000000] (-) TimerEvent: {}
[0.000473] (-) JobUnselected: {'identifier': 'sllidar_ros2'}
[0.000525] (cpp_pubsub) JobQueued: {'identifier': 'cpp_pubsub', 'dependencies': OrderedDict()}
[0.001395] (cpp_pubsub) JobStarted: {'identifier': 'cpp_pubsub'}
[0.063945] (cpp_pubsub) JobProgress: {'identifier': 'cpp_pubsub', 'progress': 'cmake'}
[0.064541] (cpp_pubsub) JobProgress: {'identifier': 'cpp_pubsub', 'progress': 'build'}
[0.065163] (cpp_pubsub) Command: {'cmd': ['/usr/bin/cmake', '--build', '/home/michael/ros2_ws/build/cpp_pubsub', '--', '-j4', '-l4'], 'cwd': '/home/michael/ros2_ws/build/cpp_pubsub', 'env': OrderedDict([('LESSOPEN', '| /usr/bin/lesspipe %s'), ('USER', 'michael'), ('XDG_SESSION_TYPE', 'wayland'), ('SHLVL', '1'), ('LD_LIBRARY_PATH', '/opt/ros/humble/opt/rviz_ogre_vendor/lib:/opt/ros/humble/lib/x86_64-linux-gnu:/opt/ros/humble/lib'), ('HOME', '/home/michael'), ('OLDPWD', '/home/michael/ros2_ws/src'), ('DESKTOP_SESSION', 'ubuntu'), ('ROS_PYTHON_VERSION', '3'), ('GNOME_SHELL_SESSION_MODE', 'ubuntu'), ('GTK_MODULES', 'gail:atk-bridge'), ('SYSTEMD_EXEC_PID', '1924'), ('DBUS_SESSION_BUS_ADDRESS', 'unix:path=/run/user/1000/bus'), ('COLORTERM', 'truecolor'), ('IM_CONFIG_PHASE', '1'), ('WAYLAND_DISPLAY', 'wayland-0'), ('COLCON_PREFIX_PATH', '/home/michael/ros2_ws/install'), ('ROS_DISTRO', 'humble'), ('LOGNAME', 'michael'), ('_', '/usr/bin/colcon'), ('ROS_VERSION', '2'), ('XDG_SESSION_CLASS', 'user'), ('USERNAME', 'michael'), ('TERM', 'xterm-256color'), ('GNOME_DESKTOP_SESSION_ID', 'this-is-deprecated'), ('ROS_LOCALHOST_ONLY', '0'), ('PATH', '/opt/ros/humble/bin:/home/michael/.local/bin:/usr/local/sbin:/usr/local/bin:/usr/sbin:/usr/bin:/sbin:/bin:/usr/games:/usr/local/games:/snap/bin:/snap/bin'), ('SESSION_MANAGER', 'local/michael:@/tmp/.ICE-unix/1758,unix/michael:/tmp/.ICE-unix/1758'), ('XDG_MENU_PREFIX', 'gnome-'), ('GNOME_TERMINAL_SCREEN', '/org/gnome/Terminal/screen/53078c52_43d5_484b_a6f8_86eee3694c87'), ('GNOME_SETUP_DISPLAY', ':1'), ('XDG_RUNTIME_DIR', '/run/user/1000'), ('DISPLAY', ':0'), ('LANG', 'en_US.UTF-8'), ('XDG_CURRENT_DESKTOP', 'ubuntu:GNOME'), ('XMODIFIERS', '@im=ibus'), ('XDG_SESSION_DESKTOP', 'ubuntu'), ('XAUTHORITY', '/run/user/1000/.mutter-Xwaylandauth.UR2BL2'), ('LS_COLORS', 'rs=0:di=01;34:ln=01;36:mh=00:pi=40;33:so=01;35:do=01;35:bd=40;33;01:cd=40;33;01:or=40;31;01:mi=00:su=37;41:sg=30;43:ca=30;41:tw=30;42:ow=34;42:st=37;44:ex=01;32:*.tar=01;31:*.tgz=01;31:*.arc=01;31:*.arj=01;31:*.taz=01;31:*.lha=01;31:*.lz4=01;31:*.lzh=01;31:*.lzma=01;31:*.tlz=01;31:*.txz=01;31:*.tzo=01;31:*.t7z=01;31:*.zip=01;31:*.z=01;31:*.dz=01;31:*.gz=01;31:*.lrz=01;31:*.lz=01;31:*.lzo=01;31:*.xz=01;31:*.zst=01;31:*.tzst=01;31:*.bz2=01;31:*.bz=01;31:*.tbz=01;31:*.tbz2=01;31:*.tz=01;31:*.deb=01;31:*.rpm=01;31:*.jar=01;31:*.war=01;31:*.ear=01;31:*.sar=01;31:*.rar=01;31:*.alz=01;31:*.ace=01;31:*.zoo=01;31:*.cpio=01;31:*.7z=01;31:*.rz=01;31:*.cab=01;31:*.wim=01;31:*.swm=01;31:*.dwm=01;31:*.esd=01;31:*.jpg=01;35:*.jpeg=01;35:*.mjpg=01;35:*.mjpeg=01;35:*.gif=01;35:*.bmp=01;35:*.pbm=01;35:*.pgm=01;35:*.ppm=01;35:*.tga=01;35:*.xbm=01;35:*.xpm=01;35:*.tif=01;35:*.tiff=01;35:*.png=01;35:*.svg=01;35:*.svgz=01;35:*.mng=01;35:*.pcx=01;35:*.mov=01;35:*.mpg=01;35:*.mpeg=01;35:*.m2v=01;35:*.mkv=01;35:*.webm=01;35:*.webp=01;35:*.ogm=01;35:*.mp4=01;35:*.m4v=01;35:*.mp4v=01;35:*.vob=01;35:*.qt=01;35:*.nuv=01;35:*.wmv=01;35:*.asf=01;35:*.rm=01;35:*.rmvb=01;35:*.flc=01;35:*.avi=01;35:*.fli=01;35:*.flv=01;35:*.gl=01;35:*.dl=01;35:*.xcf=01;35:*.xwd=01;35:*.yuv=01;35:*.cgm=01;35:*.emf=01;35:*.ogv=01;35:*.ogx=01;35:*.aac=00;36:*.au=00;36:*.flac=00;36:*.m4a=00;36:*.mid=00;36:*.midi=00;36:*.mka=00;36:*.mp3=00;36:*.mpc=00;36:*.ogg=00;36:*.ra=00;36:*.wav=00;36:*.oga=00;36:*.opus=00;36:*.spx=00;36:*.xspf=00;36:'), ('GNOME_TERMINAL_SERVICE', ':1.215'), ('SSH_AGENT_LAUNCHER', 'gnome-keyring'), ('SSH_AUTH_SOCK', '/run/user/1000/keyring/ssh'), ('AMENT_PREFIX_PATH', '/home/michael/ros2_ws/install/cpp_pubsub:/home/michael/ros2_ws/install/scanner:/home/michael/ros2_ws/install/sllidar_ros2:/opt/ros/humble'), ('SHELL', '/bin/bash'), ('QT_ACCESSIBILITY', '1'), ('GDMSESSION', 'ubuntu'), ('LESSCLOSE', '/usr/bin/lesspipe %s %s'), ('QT_IM_MODULE', 'ibus'), ('PWD', '/home/michael/ros2_ws/build/cpp_pubsub'), ('LC_ALL', 'en_US.UTF-8'), ('XDG_CONFIG_DIRS', '/etc/xdg/xdg-ubuntu:/etc/xdg'), ('XDG_DATA_DIRS', '/usr/share/ubuntu:/usr/local/share/:/usr/share/:/var/lib/snapd/desktop'), ('PYTHONPATH', '/opt/ros/humble/lib/python3.10/site-packages:/opt/ros/humble/local/lib/python3.10/dist-packages'), ('COLCON', '1'), ('VTE_VERSION', '6800'), ('CMAKE_PREFIX_PATH', '/home/michael/ros2_ws/install/cpp_pubsub:/home/michael/ros2_ws/install/scanner:/home/michael/ros2_ws/install/sllidar_ros2:/opt/ros/humble')]), 'shell': False}
[0.099946] (-) TimerEvent: {}
[0.130506] (cpp_pubsub) StdoutLine: {'line': b'[ 50%] \x1b[32mBuilding CXX object CMakeFiles/talker.dir/src/publisher_member_function.cpp.o\x1b[0m\n'}
[0.200071] (-) TimerEvent: {}
[0.300383] (-) TimerEvent: {}
[0.400686] (-) TimerEvent: {}
[0.501000] (-) TimerEvent: {}
[0.601316] (-) TimerEvent: {}
[0.701627] (-) TimerEvent: {}
[0.801943] (-) TimerEvent: {}
[0.902284] (-) TimerEvent: {}
[1.002615] (-) TimerEvent: {}
[1.102936] (-) TimerEvent: {}
[1.203282] (-) TimerEvent: {}
[1.303564] (-) TimerEvent: {}
[1.403886] (-) TimerEvent: {}
[1.504206] (-) TimerEvent: {}
[1.604524] (-) TimerEvent: {}
[1.704837] (-) TimerEvent: {}
[1.805174] (-) TimerEvent: {}
[1.905510] (-) TimerEvent: {}
[2.005844] (-) TimerEvent: {}
[2.106190] (-) TimerEvent: {}
[2.206537] (-) TimerEvent: {}
[2.239370] (cpp_pubsub) StderrLine: {'line': b'\x1b[01m\x1b[K/home/michael/ros2_ws/src/cpp_pubsub/src/publisher_member_function.cpp:48:36:\x1b[m\x1b[K \x1b[01;31m\x1b[Kerror: \x1b[m\x1b[K\xe2\x80\x98\x1b[01m\x1b[KString\x1b[m\x1b[K\xe2\x80\x99 is not a member of \xe2\x80\x98\x1b[01m\x1b[Kstd_msgs::msg\x1b[m\x1b[K\xe2\x80\x99\n'}
[2.239594] (cpp_pubsub) StderrLine: {'line': b'   48 |   rclcpp::Publisher<std_msgs::msg::\x1b[01;31m\x1b[KString\x1b[m\x1b[K>::SharedPtr publisher_;\n'}
[2.239691] (cpp_pubsub) StderrLine: {'line': b'      |                                    \x1b[01;31m\x1b[K^~~~~~\x1b[m\x1b[K\n'}
[2.239864] (cpp_pubsub) StderrLine: {'line': b'\x1b[01m\x1b[K/home/michael/ros2_ws/src/cpp_pubsub/src/publisher_member_function.cpp:48:42:\x1b[m\x1b[K \x1b[01;31m\x1b[Kerror: \x1b[m\x1b[Ktemplate argument 1 is invalid\n'}
[2.239967] (cpp_pubsub) StderrLine: {'line': b'   48 |   rclcpp::Publisher<std_msgs::msg::String\x1b[01;31m\x1b[K>\x1b[m\x1b[K::SharedPtr publisher_;\n'}
[2.240045] (cpp_pubsub) StderrLine: {'line': b'      |                                          \x1b[01;31m\x1b[K^\x1b[m\x1b[K\n'}
[2.240117] (cpp_pubsub) StderrLine: {'line': b'\x1b[01m\x1b[K/home/michael/ros2_ws/src/cpp_pubsub/src/publisher_member_function.cpp:48:45:\x1b[m\x1b[K \x1b[01;31m\x1b[Kerror: \x1b[m\x1b[Kexpected \xe2\x80\x98\x1b[01m\x1b[K;\x1b[m\x1b[K\xe2\x80\x99 at end of member declaration\n'}
[2.240196] (cpp_pubsub) StderrLine: {'line': b'   48 |   rclcpp::Publisher<std_msgs::msg::String>::\x1b[01;31m\x1b[KSharedPtr\x1b[m\x1b[K publisher_;\n'}
[2.240270] (cpp_pubsub) StderrLine: {'line': b'      |                                             \x1b[01;31m\x1b[K^~~~~~~~~\x1b[m\x1b[K\n'}
[2.240340] (cpp_pubsub) StderrLine: {'line': b'      |                                                      \x1b[32m\x1b[K;\x1b[m\x1b[K\n'}
[2.241524] (cpp_pubsub) StderrLine: {'line': b'\x1b[01m\x1b[K/home/michael/ros2_ws/src/cpp_pubsub/src/publisher_member_function.cpp:48:55:\x1b[m\x1b[K \x1b[01;31m\x1b[Kerror: \x1b[m\x1b[K\xe2\x80\x98\x1b[01m\x1b[Kpublisher_\x1b[m\x1b[K\xe2\x80\x99 does not name a type; did you mean \xe2\x80\x98\x1b[01m\x1b[Krmw_publisher_t\x1b[m\x1b[K\xe2\x80\x99?\n'}
[2.241659] (cpp_pubsub) StderrLine: {'line': b'   48 |   rclcpp::Publisher<std_msgs::msg::String>::SharedPtr \x1b[01;31m\x1b[Kpublisher_\x1b[m\x1b[K;\n'}
[2.241734] (cpp_pubsub) StderrLine: {'line': b'      |                                                       \x1b[01;31m\x1b[K^~~~~~~~~~\x1b[m\x1b[K\n'}
[2.241803] (cpp_pubsub) StderrLine: {'line': b'      |                                                       \x1b[32m\x1b[Krmw_publisher_t\x1b[m\x1b[K\n'}
[2.248030] (cpp_pubsub) StderrLine: {'line': b'\x1b[01m\x1b[K/home/michael/ros2_ws/src/cpp_pubsub/src/publisher_member_function.cpp:\x1b[m\x1b[K In constructor \xe2\x80\x98\x1b[01m\x1b[KMinimalPublisher::MinimalPublisher()\x1b[m\x1b[K\xe2\x80\x99:\n'}
[2.248212] (cpp_pubsub) StderrLine: {'line': b'\x1b[01m\x1b[K/home/michael/ros2_ws/src/cpp_pubsub/src/publisher_member_function.cpp:34:5:\x1b[m\x1b[K \x1b[01;31m\x1b[Kerror: \x1b[m\x1b[K\xe2\x80\x98\x1b[01m\x1b[Kpublisher_\x1b[m\x1b[K\xe2\x80\x99 was not declared in this scope; did you mean \xe2\x80\x98\x1b[01m\x1b[Krmw_publisher_t\x1b[m\x1b[K\xe2\x80\x99?\n'}
[2.248292] (cpp_pubsub) StderrLine: {'line': b'   34 |     \x1b[01;31m\x1b[Kpublisher_\x1b[m\x1b[K = this->create_publisher<std_msgs::msg::String>("topic", 10);\n'}
[2.248362] (cpp_pubsub) StderrLine: {'line': b'      |     \x1b[01;31m\x1b[K^~~~~~~~~~\x1b[m\x1b[K\n'}
[2.248532] (cpp_pubsub) StderrLine: {'line': b'      |     \x1b[32m\x1b[Krmw_publisher_t\x1b[m\x1b[K\n'}
[2.248678] (cpp_pubsub) StderrLine: {'line': b'\x1b[01m\x1b[K/home/michael/ros2_ws/src/cpp_pubsub/src/publisher_member_function.cpp:34:56:\x1b[m\x1b[K \x1b[01;31m\x1b[Kerror: \x1b[m\x1b[K\xe2\x80\x98\x1b[01m\x1b[KString\x1b[m\x1b[K\xe2\x80\x99 is not a member of \xe2\x80\x98\x1b[01m\x1b[Kstd_msgs::msg\x1b[m\x1b[K\xe2\x80\x99\n'}
[2.248928] (cpp_pubsub) StderrLine: {'line': b'   34 |     publisher_ = this->create_publisher<std_msgs::msg::\x1b[01;31m\x1b[KString\x1b[m\x1b[K>("topic", 10);\n'}
[2.249012] (cpp_pubsub) StderrLine: {'line': b'      |                                                        \x1b[01;31m\x1b[K^~~~~~\x1b[m\x1b[K\n'}
[2.249085] (cpp_pubsub) StderrLine: {'line': b'\x1b[01m\x1b[K/home/michael/ros2_ws/src/cpp_pubsub/src/publisher_member_function.cpp:34:63:\x1b[m\x1b[K \x1b[01;31m\x1b[Kerror: \x1b[m\x1b[Kno matching function for call to \xe2\x80\x98\x1b[01m\x1b[KMinimalPublisher::create_publisher<<expression error> >(const char [6], int)\x1b[m\x1b[K\xe2\x80\x99\n'}
[2.249160] (cpp_pubsub) StderrLine: {'line': b'   34 |     publisher_ = \x1b[01;31m\x1b[Kthis->create_publisher<std_msgs::msg::String>("topic", 10)\x1b[m\x1b[K;\n'}
[2.249230] (cpp_pubsub) StderrLine: {'line': b'      |                  \x1b[01;31m\x1b[K~~~~~~~~~~~~~~~~~~~~~~~~~~~~~~~~~~~~~~~~~~~~~^~~~~~~~~~~~~\x1b[m\x1b[K\n'}
[2.249300] (cpp_pubsub) StderrLine: {'line': b'In file included from \x1b[01m\x1b[K/opt/ros/humble/include/rclcpp/rclcpp/executors/single_threaded_executor.hpp:28\x1b[m\x1b[K,\n'}
[2.249370] (cpp_pubsub) StderrLine: {'line': b'                 from \x1b[01m\x1b[K/opt/ros/humble/include/rclcpp/rclcpp/executors.hpp:22\x1b[m\x1b[K,\n'}
[2.249440] (cpp_pubsub) StderrLine: {'line': b'                 from \x1b[01m\x1b[K/opt/ros/humble/include/rclcpp/rclcpp/rclcpp.hpp:155\x1b[m\x1b[K,\n'}
[2.249509] (cpp_pubsub) StderrLine: {'line': b'                 from \x1b[01m\x1b[K/home/michael/ros2_ws/src/cpp_pubsub/src/publisher_member_function.cpp:20\x1b[m\x1b[K:\n'}
[2.249578] (cpp_pubsub) StderrLine: {'line': b'\x1b[01m\x1b[K/opt/ros/humble/include/rclcpp/rclcpp/node.hpp:195:3:\x1b[m\x1b[K \x1b[01;36m\x1b[Knote: \x1b[m\x1b[Kcandidate: \xe2\x80\x98\x1b[01m\x1b[Ktemplate<class MessageT, class AllocatorT, class PublisherT> std::shared_ptr<PublisherT> rclcpp::Node::create_publisher(const string&, const rclcpp::QoS&, const rclcpp::PublisherOptionsWithAllocator<AllocatorT>&)\x1b[m\x1b[K\xe2\x80\x99\n'}
[2.249669] (cpp_pubsub) StderrLine: {'line': b'  195 |   \x1b[01;36m\x1b[Kcreate_publisher\x1b[m\x1b[K(\n'}
[2.249739] (cpp_pubsub) StderrLine: {'line': b'      |   \x1b[01;36m\x1b[K^~~~~~~~~~~~~~~~\x1b[m\x1b[K\n'}
[2.249807] (cpp_pubsub) StderrLine: {'line': b'\x1b[01m\x1b[K/opt/ros/humble/include/rclcpp/rclcpp/node.hpp:195:3:\x1b[m\x1b[K \x1b[01;36m\x1b[Knote: \x1b[m\x1b[K  template argument deduction/substitution failed:\n'}
[2.249877] (cpp_pubsub) StderrLine: {'line': b'\x1b[01m\x1b[K/home/michael/ros2_ws/src/cpp_pubsub/src/publisher_member_function.cpp:34:63:\x1b[m\x1b[K \x1b[01;31m\x1b[Kerror: \x1b[m\x1b[Ktemplate argument 1 is invalid\n'}
[2.249962] (cpp_pubsub) StderrLine: {'line': b'   34 |     publisher_ = \x1b[01;31m\x1b[Kthis->create_publisher<std_msgs::msg::String>("topic", 10)\x1b[m\x1b[K;\n'}
[2.250032] (cpp_pubsub) StderrLine: {'line': b'      |                  \x1b[01;31m\x1b[K~~~~~~~~~~~~~~~~~~~~~~~~~~~~~~~~~~~~~~~~~~~~~^~~~~~~~~~~~~\x1b[m\x1b[K\n'}
[2.258905] (cpp_pubsub) StderrLine: {'line': b'\x1b[01m\x1b[K/home/michael/ros2_ws/src/cpp_pubsub/src/publisher_member_function.cpp:\x1b[m\x1b[K In member function \xe2\x80\x98\x1b[01m\x1b[Kvoid MinimalPublisher::timer_callback()\x1b[m\x1b[K\xe2\x80\x99:\n'}
[2.259219] (cpp_pubsub) StderrLine: {'line': b'\x1b[01m\x1b[K/home/michael/ros2_ws/src/cpp_pubsub/src/publisher_member_function.cpp:42:35:\x1b[m\x1b[K \x1b[01;31m\x1b[Kerror: \x1b[m\x1b[K\xe2\x80\x98\x1b[01m\x1b[KString\x1b[m\x1b[K\xe2\x80\x99 is not a member of \xe2\x80\x98\x1b[01m\x1b[Kstd_msgs::msg\x1b[m\x1b[K\xe2\x80\x99\n'}
[2.259311] (cpp_pubsub) StderrLine: {'line': b'   42 |     auto message = std_msgs::msg::\x1b[01;31m\x1b[KString\x1b[m\x1b[K();\n'}
[2.259386] (cpp_pubsub) StderrLine: {'line': b'      |                                   \x1b[01;31m\x1b[K^~~~~~\x1b[m\x1b[K\n'}
[2.265050] (cpp_pubsub) StderrLine: {'line': b'\x1b[01m\x1b[K/home/michael/ros2_ws/src/cpp_pubsub/src/publisher_member_function.cpp:45:5:\x1b[m\x1b[K \x1b[01;31m\x1b[Kerror: \x1b[m\x1b[K\xe2\x80\x98\x1b[01m\x1b[Kpublisher_\x1b[m\x1b[K\xe2\x80\x99 was not declared in this scope; did you mean \xe2\x80\x98\x1b[01m\x1b[Krmw_publisher_t\x1b[m\x1b[K\xe2\x80\x99?\n'}
[2.265230] (cpp_pubsub) StderrLine: {'line': b'   45 |     \x1b[01;31m\x1b[Kpublisher_\x1b[m\x1b[K->publish(message);\n'}
[2.265305] (cpp_pubsub) StderrLine: {'line': b'      |     \x1b[01;31m\x1b[K^~~~~~~~~~\x1b[m\x1b[K\n'}
[2.265374] (cpp_pubsub) StderrLine: {'line': b'      |     \x1b[32m\x1b[Krmw_publisher_t\x1b[m\x1b[K\n'}
[2.306631] (-) TimerEvent: {}
[2.407040] (-) TimerEvent: {}
[2.507345] (-) TimerEvent: {}
[2.607635] (-) TimerEvent: {}
[2.707926] (-) TimerEvent: {}
[2.721891] (cpp_pubsub) StderrLine: {'line': b'gmake[2]: *** [CMakeFiles/talker.dir/build.make:76: CMakeFiles/talker.dir/src/publisher_member_function.cpp.o] Error 1\n'}
[2.723100] (cpp_pubsub) StderrLine: {'line': b'gmake[1]: *** [CMakeFiles/Makefile2:137: CMakeFiles/talker.dir/all] Error 2\n'}
[2.723250] (cpp_pubsub) StderrLine: {'line': b'gmake: *** [Makefile:146: all] Error 2\n'}
[2.724084] (cpp_pubsub) CommandEnded: {'returncode': 2}
[2.808475] (-) TimerEvent: {}
[2.809706] (cpp_pubsub) JobEnded: {'identifier': 'cpp_pubsub', 'rc': 2}
[2.820270] (-) EventReactorShutdown: {}
