[0.126s] Invoking command in '/home/michael/ros2_ws/build/data': CMAKE_PREFIX_PATH=${CMAKE_PREFIX_PATH}:/opt/ros/humble /usr/bin/cmake --build /home/michael/ros2_ws/build/data -- -j4 -l4
[0.166s] [35m[1mConsolidate compiler generated dependencies of target talker[0m
[0.183s] [ 50%] [32mBuilding CXX object CMakeFiles/talker.dir/src/data_sub.cpp.o[0m
[2.319s] [01m[K/home/michael/ros2_ws/src/data/src/data_sub.cpp:18:46:[m[K [01;31m[Kerror: [m[Kâ€˜[01m[Kfloat32[m[Kâ€™ in namespace â€˜[01m[Kstd_msgs::msg[m[Kâ€™ does not name a type; did you mean â€˜[01m[KFloat32[m[Kâ€™?
[2.319s]    18 |     void topic_callback(const std_msgs::msg::[01;31m[Kfloat32[m[K & msg) const
[2.319s]       |                                              [01;31m[K^~~~~~~[m[K
[2.319s]       |                                              [32m[KFloat32[m[K
[2.319s] [01m[K/home/michael/ros2_ws/src/data/src/data_sub.cpp:18:61:[m[K [01;31m[Kerror: [m[Kexpected â€˜[01m[K;[m[Kâ€™ at end of member declaration
[2.319s]    18 |     void topic_callback(const std_msgs::msg::float32 & msg) [01;31m[Kconst[m[K
[2.319s]       |                                                             [01;31m[K^~~~~[m[K
[2.319s]       |                                                                  [32m[K;[m[K
[2.326s] [01m[K/home/michael/ros2_ws/src/data/src/data_sub.cpp:[m[K In constructor â€˜[01m[KMinimalSubscriber::MinimalSubscriber()[m[Kâ€™:
[2.326s] [01m[K/home/michael/ros2_ws/src/data/src/data_sub.cpp:13:7:[m[K [01;31m[Kerror: [m[Kâ€˜[01m[Ksubscription_[m[Kâ€™ was not declared in this scope; did you mean â€˜[01m[Krmw_subscription_t[m[Kâ€™?
[2.326s]    13 |       [01;31m[Ksubscription_[m[K = this->create_subscription<std_msgs::msg::float32>(
[2.326s]       |       [01;31m[K^~~~~~~~~~~~~[m[K
[2.326s]       |       [32m[Krmw_subscription_t[m[K
[2.326s] [01m[K/home/michael/ros2_ws/src/data/src/data_sub.cpp:13:64:[m[K [01;31m[Kerror: [m[Kâ€˜[01m[Kfloat32[m[Kâ€™ is not a member of â€˜[01m[Kstd_msgs::msg[m[Kâ€™; did you mean â€˜[01m[KFloat32[m[Kâ€™?
[2.326s]    13 |       subscription_ = this->create_subscription<std_msgs::msg::[01;31m[Kfloat32[m[K>(
[2.326s]       |                                                                [01;31m[K^~~~~~~[m[K
[2.327s]       |                                                                [32m[KFloat32[m[K
[2.331s] [01m[K/home/michael/ros2_ws/src/data/src/data_sub.cpp:13:72:[m[K [01;31m[Kerror: [m[Kno matching function for call to â€˜[01m[KMinimalSubscriber::create_subscription<<expression error> >(const char [17], int, std::_Bind_helper<false, void (MinimalSubscriber::*)(const int&) const, MinimalSubscriber*, const std::_Placeholder<1>&>::type)[m[Kâ€™
[2.331s]    13 |       subscription_ = [01;31m[Kthis->create_subscription<std_msgs::msg::float32>([m[K
[2.331s]       |                       [01;31m[K~~~~~~~~~~~~~~~~~~~~~~~~~~~~~~~~~~~~~~~~~~~~~~~~~^[m[K
[2.331s]    14 | [01;31m[K      "/raw_sensor_data", 10, std::bind(&MinimalSubscriber::topic_callback, this, _1))[m[K;
[2.331s]       |       [01;31m[K~~~~~~~~~~~~~~~~~~~~~~~~~~~~~~~~~~~~~~~~~~~~~~~~~~~~~~~~~~~~~~~~~~~~~~~~~~~~~~~~[m[K
[2.331s] In file included from [01m[K/opt/ros/humble/include/rclcpp/rclcpp/executors/single_threaded_executor.hpp:28[m[K,
[2.331s]                  from [01m[K/opt/ros/humble/include/rclcpp/rclcpp/executors.hpp:22[m[K,
[2.331s]                  from [01m[K/opt/ros/humble/include/rclcpp/rclcpp/rclcpp.hpp:155[m[K,
[2.332s]                  from [01m[K/home/michael/ros2_ws/src/data/src/data_sub.cpp:3[m[K:
[2.332s] [01m[K/opt/ros/humble/include/rclcpp/rclcpp/node.hpp:219:3:[m[K [01;36m[Knote: [m[Kcandidate: â€˜[01m[Ktemplate<class MessageT, class CallbackT, class AllocatorT, class SubscriptionT, class MessageMemoryStrategyT> std::shared_ptr<ROSMessageT> rclcpp::Node::create_subscription(const string&, const rclcpp::QoS&, CallbackT&&, const rclcpp::SubscriptionOptionsWithAllocator<AllocatorT>&, typename MessageMemoryStrategyT::SharedPtr)[m[Kâ€™
[2.332s]   219 |   [01;36m[Kcreate_subscription[m[K(
[2.332s]       |   [01;36m[K^~~~~~~~~~~~~~~~~~~[m[K
[2.332s] [01m[K/opt/ros/humble/include/rclcpp/rclcpp/node.hpp:219:3:[m[K [01;36m[Knote: [m[K  template argument deduction/substitution failed:
[2.332s] [01m[K/home/michael/ros2_ws/src/data/src/data_sub.cpp:13:72:[m[K [01;31m[Kerror: [m[Ktemplate argument 1 is invalid
[2.332s]    13 |       subscription_ = [01;31m[Kthis->create_subscription<std_msgs::msg::float32>([m[K
[2.332s]       |                       [01;31m[K~~~~~~~~~~~~~~~~~~~~~~~~~~~~~~~~~~~~~~~~~~~~~~~~~^[m[K
[2.332s]    14 | [01;31m[K      "/raw_sensor_data", 10, std::bind(&MinimalSubscriber::topic_callback, this, _1))[m[K;
[2.332s]       |       [01;31m[K~~~~~~~~~~~~~~~~~~~~~~~~~~~~~~~~~~~~~~~~~~~~~~~~~~~~~~~~~~~~~~~~~~~~~~~~~~~~~~~~[m[K
[2.762s] gmake[2]: *** [CMakeFiles/talker.dir/build.make:76: CMakeFiles/talker.dir/src/data_sub.cpp.o] Error 1
[2.762s] gmake[1]: *** [CMakeFiles/Makefile2:137: CMakeFiles/talker.dir/all] Error 2
[2.762s] gmake: *** [Makefile:146: all] Error 2
[2.764s] Invoked command in '/home/michael/ros2_ws/build/data' returned '2': CMAKE_PREFIX_PATH=${CMAKE_PREFIX_PATH}:/opt/ros/humble /usr/bin/cmake --build /home/michael/ros2_ws/build/data -- -j4 -l4
