[0.066s] Invoking command in '/home/michael/ros2_ws/build/cpp_pubsub': CMAKE_PREFIX_PATH=${CMAKE_PREFIX_PATH}:/opt/ros/humble /usr/bin/cmake --build /home/michael/ros2_ws/build/cpp_pubsub -- -j4 -l4
[0.101s] [35m[1mConsolidate compiler generated dependencies of target talker[0m
[0.118s] [ 50%] [32mBuilding CXX object CMakeFiles/talker.dir/src/publisher_member_function.cpp.o[0m
[0.292s] [01m[K/home/michael/ros2_ws/src/cpp_pubsub/src/publisher_member_function.cpp:21:10:[m[K [01;31m[Kfatal error: [m[Kstd_msgs/msg/Int32.hpp: No such file or directory
[0.292s]    21 | #include [01;31m[K"std_msgs/msg/Int32.hpp"[m[K
[0.292s]       |          [01;31m[K^~~~~~~~~~~~~~~~~~~~~~~~[m[K
[0.293s] compilation terminated.
[0.296s] gmake[2]: *** [CMakeFiles/talker.dir/build.make:76: CMakeFiles/talker.dir/src/publisher_member_function.cpp.o] Error 1
[0.296s] gmake[1]: *** [CMakeFiles/Makefile2:137: CMakeFiles/talker.dir/all] Error 2
[0.296s] gmake: *** [Makefile:146: all] Error 2
[0.299s] Invoked command in '/home/michael/ros2_ws/build/cpp_pubsub' returned '2': CMAKE_PREFIX_PATH=${CMAKE_PREFIX_PATH}:/opt/ros/humble /usr/bin/cmake --build /home/michael/ros2_ws/build/cpp_pubsub -- -j4 -l4
